[2024-03-20 19:55:16,350][torch.distributed.distributed_c10d][INFO] - Added key: store_based_barrier_key:1 to store for rank: 2
[2024-03-20 19:55:16,360][torch.distributed.distributed_c10d][INFO] - Rank 2: Completed store-based barrier for key:store_based_barrier_key:1 with 4 nodes.
[2024-03-20 19:55:30,685][strhub.data.dataset][INFO] - dataset root:	/ssd_scratch/cvit/lalitha/parseq_punjabi_train/data/train/real
[2024-03-20 19:55:30,843][strhub.data.dataset][INFO] - 	lmdb:	punjabi	num samples: 81042
[2024-03-20 19:56:25,888][torch.distributed.distributed_c10d][INFO] - Added key: store_based_barrier_key:1 to store for rank: 2
[2024-03-20 19:56:25,899][torch.distributed.distributed_c10d][INFO] - Rank 2: Completed store-based barrier for key:store_based_barrier_key:1 with 4 nodes.
[2024-03-20 19:56:28,316][strhub.data.dataset][INFO] - dataset root:	/ssd_scratch/cvit/lalitha/parseq_punjabi_train/data/train/real
[2024-03-20 19:56:28,467][strhub.data.dataset][INFO] - 	lmdb:	punjabi	num samples: 81042
[2024-03-20 19:56:28,963][strhub.data.dataset][INFO] - dataset root:	/ssd_scratch/cvit/lalitha/parseq_punjabi_train/data/val
[2024-03-20 19:56:28,988][strhub.data.dataset][INFO] - 	lmdb:	punjabi	num samples: 13627
[2024-03-20 19:56:45,910][torch.nn.parallel.distributed][INFO] - Reducer buckets have been rebuilt in this iteration.
[2024-03-20 20:42:24,031][torch.distributed.distributed_c10d][INFO] - Added key: store_based_barrier_key:1 to store for rank: 2
[2024-03-20 20:42:24,124][torch.distributed.distributed_c10d][INFO] - Rank 2: Completed store-based barrier for key:store_based_barrier_key:1 with 4 nodes.
[2024-03-20 20:42:27,006][strhub.data.dataset][INFO] - dataset root:	/ssd_scratch/cvit/lalitha/parseq_punjabi_train/data/train/real
[2024-03-20 20:42:27,165][strhub.data.dataset][INFO] - 	lmdb:	punjabi	num samples: 81042
[2024-03-20 20:42:27,278][strhub.data.dataset][INFO] - dataset root:	/ssd_scratch/cvit/lalitha/parseq_punjabi_train/data/val
[2024-03-20 20:42:27,304][strhub.data.dataset][INFO] - 	lmdb:	punjabi	num samples: 13627
[2024-03-20 20:42:36,075][torch.nn.parallel.distributed][INFO] - Reducer buckets have been rebuilt in this iteration.
[2024-03-21 07:26:10,754][torch.distributed.distributed_c10d][INFO] - Added key: store_based_barrier_key:1 to store for rank: 2
[2024-03-21 07:26:10,795][torch.distributed.distributed_c10d][INFO] - Rank 2: Completed store-based barrier for key:store_based_barrier_key:1 with 4 nodes.
[2024-03-21 07:26:14,554][strhub.data.dataset][INFO] - dataset root:	/ssd_scratch/cvit/lalitha/parseq_punjabi_train/data/train/real
[2024-03-21 07:26:14,701][strhub.data.dataset][INFO] - 	lmdb:	punjabi	num samples: 81042
[2024-03-21 07:26:15,112][strhub.data.dataset][INFO] - dataset root:	/ssd_scratch/cvit/lalitha/parseq_punjabi_train/data/val
[2024-03-21 07:26:15,137][strhub.data.dataset][INFO] - 	lmdb:	punjabi	num samples: 13627
[2024-03-21 07:26:30,546][torch.nn.parallel.distributed][INFO] - Reducer buckets have been rebuilt in this iteration.
[2024-03-21 17:44:25,390][torch.distributed.distributed_c10d][INFO] - Added key: store_based_barrier_key:1 to store for rank: 2
[2024-03-21 17:44:25,483][torch.distributed.distributed_c10d][INFO] - Rank 2: Completed store-based barrier for key:store_based_barrier_key:1 with 4 nodes.
[2024-03-21 17:44:29,153][strhub.data.dataset][INFO] - dataset root:	/ssd_scratch/cvit/lalitha/parseq_punjabi_train/data/train/real
[2024-03-21 17:44:29,382][strhub.data.dataset][INFO] - 	lmdb:	punjabi	num samples: 81042
[2024-03-21 17:44:29,564][strhub.data.dataset][INFO] - dataset root:	/ssd_scratch/cvit/lalitha/parseq_punjabi_train/data/val
[2024-03-21 17:44:29,595][strhub.data.dataset][INFO] - 	lmdb:	punjabi	num samples: 13627
[2024-03-21 17:44:38,583][torch.nn.parallel.distributed][INFO] - Reducer buckets have been rebuilt in this iteration.
[2024-03-21 19:07:08,958][torch.distributed.distributed_c10d][INFO] - Added key: store_based_barrier_key:1 to store for rank: 2
[2024-03-21 19:07:08,968][torch.distributed.distributed_c10d][INFO] - Rank 2: Completed store-based barrier for key:store_based_barrier_key:1 with 4 nodes.
[2024-03-21 19:07:12,042][strhub.data.dataset][INFO] - dataset root:	/ssd_scratch/cvit/lalitha/parseq_punjabi_train/data/train/real
[2024-03-21 19:07:12,211][strhub.data.dataset][INFO] - 	lmdb:	punjabi	num samples: 81042
[2024-03-21 19:07:12,373][strhub.data.dataset][INFO] - dataset root:	/ssd_scratch/cvit/lalitha/parseq_punjabi_train/data/val
[2024-03-21 19:07:12,401][strhub.data.dataset][INFO] - 	lmdb:	punjabi	num samples: 13627
[2024-03-21 19:07:21,197][torch.nn.parallel.distributed][INFO] - Reducer buckets have been rebuilt in this iteration.
